<?xml version="1.0" encoding="UTF-8"?>
<!-- Generated by org.testng.reporters.JUnitReportReporter -->
<testsuite hostname="IN-BDM9WP3" failures="0" tests="1" name="testCases.TestInvalidPin" time="3.623" errors="0" timestamp="2024-11-15T16:14:34 IST" skipped="0">
  <testcase classname="testCases.TestInvalidPin" name="invalidPinCheck" time="3.623"/>
  <system-out/>
</testsuite> <!-- testCases.TestInvalidPin -->
