<?xml version="1.0" encoding="UTF-8"?>
<!-- Generated by org.testng.reporters.JUnitReportReporter -->
<testsuite hostname="IN-BDM9WP3" failures="0" tests="1" name="testCases.TestCart" time="12.059" errors="0" timestamp="2024-11-15T16:25:04 IST" skipped="0">
  <testcase classname="testCases.TestCart" name="addToCart" time="12.059"/>
  <system-out/>
</testsuite> <!-- testCases.TestCart -->
